This file contains any messages produced by compilers while
running configure, to aid debugging if configure makes a mistake.

It was created by openstats configure 1.0.0.1, which was
generated by GNU Autoconf 2.69.  Invocation command line was

  $ ./configure --no-create --no-recursion

## --------- ##
## Platform. ##
## --------- ##

hostname = ip-172-31-15-157
uname -m = x86_64
uname -r = 4.4.0-1035-aws
uname -s = Linux
uname -v = #44-Ubuntu SMP Tue Sep 12 17:27:47 UTC 2017

/usr/bin/uname -p = unknown
/bin/uname -X     = unknown

/bin/arch              = unknown
/usr/bin/arch -k       = unknown
/usr/convex/getsysinfo = unknown
/usr/bin/hostinfo      = unknown
/bin/machine           = unknown
/usr/bin/oslevel       = unknown
/bin/universe          = unknown

PATH: /home/ubuntu/bin
PATH: /home/ubuntu/.local/bin
PATH: /usr/local/sbin
PATH: /usr/local/bin
PATH: /usr/sbin
PATH: /usr/bin
PATH: /sbin
PATH: /bin
PATH: /usr/games
PATH: /usr/local/games
PATH: /snap/bin


## ----------- ##
## Core tests. ##
## ----------- ##

configure:2318: checking for a BSD-compatible install
configure:2386: result: /usr/bin/install -c
configure:2397: checking whether build environment is sane
configure:2452: result: yes
configure:2490: WARNING: 'missing' script is too old or missing
configure:2603: checking for a thread-safe mkdir -p
configure:2642: result: /bin/mkdir -p
configure:2649: checking for gawk
configure:2665: found /usr/bin/gawk
configure:2676: result: gawk
configure:2687: checking whether make sets $(MAKE)
configure:2709: result: yes
configure:2738: checking whether make supports nested variables
configure:2755: result: yes
configure:2911: checking build system type
configure:2925: result: x86_64-unknown-linux-gnu
configure:2945: checking host system type
configure:2958: result: x86_64-unknown-linux-gnu
configure:2999: checking how to print strings
configure:3026: result: printf
configure:3059: checking for style of include used by make
configure:3087: result: GNU
configure:3158: checking for gcc
configure:3174: found /usr/bin/gcc
configure:3185: result: gcc
configure:3414: checking for C compiler version
configure:3423: gcc --version >&5
gcc (Ubuntu 5.4.0-6ubuntu1~16.04.5) 5.4.0 20160609
Copyright (C) 2015 Free Software Foundation, Inc.
This is free software; see the source for copying conditions.  There is NO
warranty; not even for MERCHANTABILITY or FITNESS FOR A PARTICULAR PURPOSE.

configure:3434: $? = 0
configure:3423: gcc -v >&5
Using built-in specs.
COLLECT_GCC=gcc
COLLECT_LTO_WRAPPER=/usr/lib/gcc/x86_64-linux-gnu/5/lto-wrapper
Target: x86_64-linux-gnu
Configured with: ../src/configure -v --with-pkgversion='Ubuntu 5.4.0-6ubuntu1~16.04.5' --with-bugurl=file:///usr/share/doc/gcc-5/README.Bugs --enable-languages=c,ada,c++,java,go,d,fortran,objc,obj-c++ --prefix=/usr --program-suffix=-5 --enable-shared --enable-linker-build-id --libexecdir=/usr/lib --without-included-gettext --enable-threads=posix --libdir=/usr/lib --enable-nls --with-sysroot=/ --enable-clocale=gnu --enable-libstdcxx-debug --enable-libstdcxx-time=yes --with-default-libstdcxx-abi=new --enable-gnu-unique-object --disable-vtable-verify --enable-libmpx --enable-plugin --with-system-zlib --disable-browser-plugin --enable-java-awt=gtk --enable-gtk-cairo --with-java-home=/usr/lib/jvm/java-1.5.0-gcj-5-amd64/jre --enable-java-home --with-jvm-root-dir=/usr/lib/jvm/java-1.5.0-gcj-5-amd64 --with-jvm-jar-dir=/usr/lib/jvm-exports/java-1.5.0-gcj-5-amd64 --with-arch-directory=amd64 --with-ecj-jar=/usr/share/java/eclipse-ecj.jar --enable-objc-gc --enable-multiarch --disable-werror --with-arch-32=i686 --with-abi=m64 --with-multilib-list=m32,m64,mx32 --enable-multilib --with-tune=generic --enable-checking=release --build=x86_64-linux-gnu --host=x86_64-linux-gnu --target=x86_64-linux-gnu
Thread model: posix
gcc version 5.4.0 20160609 (Ubuntu 5.4.0-6ubuntu1~16.04.5) 
configure:3434: $? = 0
configure:3423: gcc -V >&5
gcc: error: unrecognized command line option '-V'
gcc: fatal error: no input files
compilation terminated.
configure:3434: $? = 1
configure:3423: gcc -qversion >&5
gcc: error: unrecognized command line option '-qversion'
gcc: fatal error: no input files
compilation terminated.
configure:3434: $? = 1
configure:3454: checking whether the C compiler works
configure:3476: gcc    conftest.c  >&5
configure:3480: $? = 0
configure:3528: result: yes
configure:3531: checking for C compiler default output file name
configure:3533: result: a.out
configure:3539: checking for suffix of executables
configure:3546: gcc -o conftest    conftest.c  >&5
configure:3550: $? = 0
configure:3572: result: 
configure:3594: checking whether we are cross compiling
configure:3602: gcc -o conftest    conftest.c  >&5
configure:3606: $? = 0
configure:3613: ./conftest
configure:3617: $? = 0
configure:3632: result: no
configure:3637: checking for suffix of object files
configure:3659: gcc -c   conftest.c >&5
configure:3663: $? = 0
configure:3684: result: o
configure:3688: checking whether we are using the GNU C compiler
configure:3707: gcc -c   conftest.c >&5
configure:3707: $? = 0
configure:3716: result: yes
configure:3725: checking whether gcc accepts -g
configure:3745: gcc -c -g  conftest.c >&5
configure:3745: $? = 0
configure:3786: result: yes
configure:3803: checking for gcc option to accept ISO C89
configure:3866: gcc  -c -g -O2  conftest.c >&5
configure:3866: $? = 0
configure:3879: result: none needed
configure:3904: checking whether gcc understands -c and -o together
configure:3926: gcc -c conftest.c -o conftest2.o
configure:3929: $? = 0
configure:3926: gcc -c conftest.c -o conftest2.o
configure:3929: $? = 0
configure:3941: result: yes
configure:3960: checking dependency style of gcc
configure:4071: result: gcc3
configure:4086: checking for a sed that does not truncate output
configure:4150: result: /bin/sed
configure:4168: checking for grep that handles long lines and -e
configure:4226: result: /bin/grep
configure:4231: checking for egrep
configure:4293: result: /bin/grep -E
configure:4298: checking for fgrep
configure:4360: result: /bin/grep -F
configure:4395: checking for ld used by gcc
configure:4462: result: /usr/bin/ld
configure:4469: checking if the linker (/usr/bin/ld) is GNU ld
configure:4484: result: yes
configure:4496: checking for BSD- or MS-compatible name lister (nm)
configure:4550: result: /usr/bin/nm -B
configure:4680: checking the name lister (/usr/bin/nm -B) interface
configure:4687: gcc -c -g -O2  conftest.c >&5
configure:4690: /usr/bin/nm -B "conftest.o"
configure:4693: output
0000000000000000 B some_variable
configure:4700: result: BSD nm
configure:4703: checking whether ln -s works
configure:4707: result: yes
configure:4715: checking the maximum length of command line arguments
configure:4846: result: 1572864
configure:4894: checking how to convert x86_64-unknown-linux-gnu file names to x86_64-unknown-linux-gnu format
configure:4934: result: func_convert_file_noop
configure:4941: checking how to convert x86_64-unknown-linux-gnu file names to toolchain format
configure:4961: result: func_convert_file_noop
configure:4968: checking for /usr/bin/ld option to reload object files
configure:4975: result: -r
configure:5049: checking for objdump
configure:5065: found /usr/bin/objdump
configure:5076: result: objdump
configure:5108: checking how to recognize dependent libraries
configure:5308: result: pass_all
configure:5393: checking for dlltool
configure:5423: result: no
configure:5453: checking how to associate runtime and link libraries
configure:5480: result: printf %s\n
configure:5541: checking for ar
configure:5557: found /usr/bin/ar
configure:5568: result: ar
configure:5605: checking for archiver @FILE support
configure:5622: gcc -c -g -O2  conftest.c >&5
configure:5622: $? = 0
configure:5625: ar cru libconftest.a @conftest.lst >&5
ar: `u' modifier ignored since `D' is the default (see `U')
configure:5628: $? = 0
configure:5633: ar cru libconftest.a @conftest.lst >&5
ar: `u' modifier ignored since `D' is the default (see `U')
ar: conftest.o: No such file or directory
configure:5636: $? = 1
configure:5648: result: @
configure:5706: checking for strip
configure:5722: found /usr/bin/strip
configure:5733: result: strip
configure:5805: checking for ranlib
configure:5821: found /usr/bin/ranlib
configure:5832: result: ranlib
configure:5934: checking command to parse /usr/bin/nm -B output from gcc object
configure:6087: gcc -c -g -O2  conftest.c >&5
configure:6090: $? = 0
configure:6094: /usr/bin/nm -B conftest.o \| sed -n -e 's/^.*[ ]\([ABCDGIRSTW][ABCDGIRSTW]*\)[ ][ ]*\([_A-Za-z][_A-Za-z0-9]*\)$/\1 \2 \2/p' | sed '/ __gnu_lto/d' \> conftest.nm
configure:6097: $? = 0
configure:6163: gcc -o conftest -g -O2   conftest.c conftstm.o >&5
configure:6166: $? = 0
configure:6204: result: ok
configure:6251: checking for sysroot
configure:6281: result: no
configure:6288: checking for a working dd
configure:6326: result: /bin/dd
configure:6330: checking how to truncate binary pipes
configure:6345: result: /bin/dd bs=4096 count=1
configure:6481: gcc -c -g -O2  conftest.c >&5
configure:6484: $? = 0
configure:6674: checking for mt
configure:6690: found /bin/mt
configure:6701: result: mt
configure:6724: checking if mt is a manifest tool
configure:6730: mt '-?'
configure:6738: result: no
configure:7415: checking how to run the C preprocessor
configure:7446: gcc -E  conftest.c
configure:7446: $? = 0
configure:7460: gcc -E  conftest.c
conftest.c:11:28: fatal error: ac_nonexistent.h: No such file or directory
compilation terminated.
configure:7460: $? = 1
configure: failed program was:
| /* confdefs.h */
| #define PACKAGE_NAME "openstats"
| #define PACKAGE_TARNAME "openstats"
| #define PACKAGE_VERSION "1.0.0.1"
| #define PACKAGE_STRING "openstats 1.0.0.1"
| #define PACKAGE_BUGREPORT "gcarter@openaprs.net"
| #define PACKAGE_URL ""
| #define PACKAGE "openstats"
| #define VERSION "1.0.0.1"
| /* end confdefs.h.  */
| #include <ac_nonexistent.h>
configure:7485: result: gcc -E
configure:7505: gcc -E  conftest.c
configure:7505: $? = 0
configure:7519: gcc -E  conftest.c
conftest.c:11:28: fatal error: ac_nonexistent.h: No such file or directory
compilation terminated.
configure:7519: $? = 1
configure: failed program was:
| /* confdefs.h */
| #define PACKAGE_NAME "openstats"
| #define PACKAGE_TARNAME "openstats"
| #define PACKAGE_VERSION "1.0.0.1"
| #define PACKAGE_STRING "openstats 1.0.0.1"
| #define PACKAGE_BUGREPORT "gcarter@openaprs.net"
| #define PACKAGE_URL ""
| #define PACKAGE "openstats"
| #define VERSION "1.0.0.1"
| /* end confdefs.h.  */
| #include <ac_nonexistent.h>
configure:7548: checking for ANSI C header files
configure:7568: gcc -c -g -O2  conftest.c >&5
configure:7568: $? = 0
configure:7641: gcc -o conftest -g -O2   conftest.c  >&5
configure:7641: $? = 0
configure:7641: ./conftest
configure:7641: $? = 0
configure:7652: result: yes
configure:7665: checking for sys/types.h
configure:7665: gcc -c -g -O2  conftest.c >&5
configure:7665: $? = 0
configure:7665: result: yes
configure:7665: checking for sys/stat.h
configure:7665: gcc -c -g -O2  conftest.c >&5
configure:7665: $? = 0
configure:7665: result: yes
configure:7665: checking for stdlib.h
configure:7665: gcc -c -g -O2  conftest.c >&5
configure:7665: $? = 0
configure:7665: result: yes
configure:7665: checking for string.h
configure:7665: gcc -c -g -O2  conftest.c >&5
configure:7665: $? = 0
configure:7665: result: yes
configure:7665: checking for memory.h
configure:7665: gcc -c -g -O2  conftest.c >&5
configure:7665: $? = 0
configure:7665: result: yes
configure:7665: checking for strings.h
configure:7665: gcc -c -g -O2  conftest.c >&5
configure:7665: $? = 0
configure:7665: result: yes
configure:7665: checking for inttypes.h
configure:7665: gcc -c -g -O2  conftest.c >&5
configure:7665: $? = 0
configure:7665: result: yes
configure:7665: checking for stdint.h
configure:7665: gcc -c -g -O2  conftest.c >&5
configure:7665: $? = 0
configure:7665: result: yes
configure:7665: checking for unistd.h
configure:7665: gcc -c -g -O2  conftest.c >&5
configure:7665: $? = 0
configure:7665: result: yes
configure:7679: checking for dlfcn.h
configure:7679: gcc -c -g -O2  conftest.c >&5
configure:7679: $? = 0
configure:7679: result: yes
configure:7935: checking for objdir
configure:7950: result: .libs
configure:8214: checking if gcc supports -fno-rtti -fno-exceptions
configure:8232: gcc -c -g -O2  -fno-rtti -fno-exceptions conftest.c >&5
cc1: warning: command line option '-fno-rtti' is valid for C++/ObjC++ but not for C
configure:8236: $? = 0
configure:8249: result: no
configure:8607: checking for gcc option to produce PIC
configure:8614: result: -fPIC -DPIC
configure:8622: checking if gcc PIC flag -fPIC -DPIC works
configure:8640: gcc -c -g -O2  -fPIC -DPIC -DPIC conftest.c >&5
configure:8644: $? = 0
configure:8657: result: yes
configure:8686: checking if gcc static flag -static works
configure:8714: result: yes
configure:8729: checking if gcc supports -c -o file.o
configure:8750: gcc -c -g -O2  -o out/conftest2.o conftest.c >&5
configure:8754: $? = 0
configure:8776: result: yes
configure:8784: checking if gcc supports -c -o file.o
configure:8831: result: yes
configure:8864: checking whether the gcc linker (/usr/bin/ld -m elf_x86_64) supports shared libraries
configure:10127: result: yes
configure:10164: checking whether -lc should be explicitly linked in
configure:10172: gcc -c -g -O2  conftest.c >&5
configure:10175: $? = 0
configure:10190: gcc -shared  -fPIC -DPIC conftest.o  -v -Wl,-soname -Wl,conftest -o conftest 2\>\&1 \| /bin/grep  -lc  \>/dev/null 2\>\&1
configure:10193: $? = 0
configure:10207: result: no
configure:10367: checking dynamic linker characteristics
configure:10948: gcc -o conftest -g -O2   -Wl,-rpath -Wl,/foo conftest.c  >&5
configure:10948: $? = 0
configure:11197: result: GNU/Linux ld.so
configure:11319: checking how to hardcode library paths into programs
configure:11344: result: immediate
configure:11892: checking whether stripping libraries is possible
configure:11897: result: yes
configure:11932: checking if libtool supports shared libraries
configure:11934: result: yes
configure:11937: checking whether to build shared libraries
configure:11962: result: yes
configure:11965: checking whether to build static libraries
configure:11969: result: yes
configure:12067: checking for g++
configure:12083: found /usr/bin/g++
configure:12094: result: g++
configure:12121: checking for C++ compiler version
configure:12130: g++ --version >&5
g++ (Ubuntu 5.4.0-6ubuntu1~16.04.5) 5.4.0 20160609
Copyright (C) 2015 Free Software Foundation, Inc.
This is free software; see the source for copying conditions.  There is NO
warranty; not even for MERCHANTABILITY or FITNESS FOR A PARTICULAR PURPOSE.

configure:12141: $? = 0
configure:12130: g++ -v >&5
Using built-in specs.
COLLECT_GCC=g++
COLLECT_LTO_WRAPPER=/usr/lib/gcc/x86_64-linux-gnu/5/lto-wrapper
Target: x86_64-linux-gnu
Configured with: ../src/configure -v --with-pkgversion='Ubuntu 5.4.0-6ubuntu1~16.04.5' --with-bugurl=file:///usr/share/doc/gcc-5/README.Bugs --enable-languages=c,ada,c++,java,go,d,fortran,objc,obj-c++ --prefix=/usr --program-suffix=-5 --enable-shared --enable-linker-build-id --libexecdir=/usr/lib --without-included-gettext --enable-threads=posix --libdir=/usr/lib --enable-nls --with-sysroot=/ --enable-clocale=gnu --enable-libstdcxx-debug --enable-libstdcxx-time=yes --with-default-libstdcxx-abi=new --enable-gnu-unique-object --disable-vtable-verify --enable-libmpx --enable-plugin --with-system-zlib --disable-browser-plugin --enable-java-awt=gtk --enable-gtk-cairo --with-java-home=/usr/lib/jvm/java-1.5.0-gcj-5-amd64/jre --enable-java-home --with-jvm-root-dir=/usr/lib/jvm/java-1.5.0-gcj-5-amd64 --with-jvm-jar-dir=/usr/lib/jvm-exports/java-1.5.0-gcj-5-amd64 --with-arch-directory=amd64 --with-ecj-jar=/usr/share/java/eclipse-ecj.jar --enable-objc-gc --enable-multiarch --disable-werror --with-arch-32=i686 --with-abi=m64 --with-multilib-list=m32,m64,mx32 --enable-multilib --with-tune=generic --enable-checking=release --build=x86_64-linux-gnu --host=x86_64-linux-gnu --target=x86_64-linux-gnu
Thread model: posix
gcc version 5.4.0 20160609 (Ubuntu 5.4.0-6ubuntu1~16.04.5) 
configure:12141: $? = 0
configure:12130: g++ -V >&5
g++: error: unrecognized command line option '-V'
g++: fatal error: no input files
compilation terminated.
configure:12141: $? = 1
configure:12130: g++ -qversion >&5
g++: error: unrecognized command line option '-qversion'
g++: fatal error: no input files
compilation terminated.
configure:12141: $? = 1
configure:12145: checking whether we are using the GNU C++ compiler
configure:12164: g++ -c   conftest.cpp >&5
configure:12164: $? = 0
configure:12173: result: yes
configure:12182: checking whether g++ accepts -g
configure:12202: g++ -c -g  conftest.cpp >&5
configure:12202: $? = 0
configure:12243: result: yes
configure:12268: checking dependency style of g++
configure:12379: result: gcc3
configure:12412: checking how to run the C++ preprocessor
configure:12439: g++ -E  conftest.cpp
configure:12439: $? = 0
configure:12453: g++ -E  conftest.cpp
conftest.cpp:23:28: fatal error: ac_nonexistent.h: No such file or directory
compilation terminated.
configure:12453: $? = 1
configure: failed program was:
| /* confdefs.h */
| #define PACKAGE_NAME "openstats"
| #define PACKAGE_TARNAME "openstats"
| #define PACKAGE_VERSION "1.0.0.1"
| #define PACKAGE_STRING "openstats 1.0.0.1"
| #define PACKAGE_BUGREPORT "gcarter@openaprs.net"
| #define PACKAGE_URL ""
| #define PACKAGE "openstats"
| #define VERSION "1.0.0.1"
| #define STDC_HEADERS 1
| #define HAVE_SYS_TYPES_H 1
| #define HAVE_SYS_STAT_H 1
| #define HAVE_STDLIB_H 1
| #define HAVE_STRING_H 1
| #define HAVE_MEMORY_H 1
| #define HAVE_STRINGS_H 1
| #define HAVE_INTTYPES_H 1
| #define HAVE_STDINT_H 1
| #define HAVE_UNISTD_H 1
| #define HAVE_DLFCN_H 1
| #define LT_OBJDIR ".libs/"
| /* end confdefs.h.  */
| #include <ac_nonexistent.h>
configure:12478: result: g++ -E
configure:12498: g++ -E  conftest.cpp
configure:12498: $? = 0
configure:12512: g++ -E  conftest.cpp
conftest.cpp:23:28: fatal error: ac_nonexistent.h: No such file or directory
compilation terminated.
configure:12512: $? = 1
configure: failed program was:
| /* confdefs.h */
| #define PACKAGE_NAME "openstats"
| #define PACKAGE_TARNAME "openstats"
| #define PACKAGE_VERSION "1.0.0.1"
| #define PACKAGE_STRING "openstats 1.0.0.1"
| #define PACKAGE_BUGREPORT "gcarter@openaprs.net"
| #define PACKAGE_URL ""
| #define PACKAGE "openstats"
| #define VERSION "1.0.0.1"
| #define STDC_HEADERS 1
| #define HAVE_SYS_TYPES_H 1
| #define HAVE_SYS_STAT_H 1
| #define HAVE_STDLIB_H 1
| #define HAVE_STRING_H 1
| #define HAVE_MEMORY_H 1
| #define HAVE_STRINGS_H 1
| #define HAVE_INTTYPES_H 1
| #define HAVE_STDINT_H 1
| #define HAVE_UNISTD_H 1
| #define HAVE_DLFCN_H 1
| #define LT_OBJDIR ".libs/"
| /* end confdefs.h.  */
| #include <ac_nonexistent.h>
configure:12674: checking for ld used by g++
configure:12741: result: /usr/bin/ld -m elf_x86_64
configure:12748: checking if the linker (/usr/bin/ld -m elf_x86_64) is GNU ld
configure:12763: result: yes
configure:12818: checking whether the g++ linker (/usr/bin/ld -m elf_x86_64) supports shared libraries
configure:13891: result: yes
configure:13927: g++ -c -g -O2  conftest.cpp >&5
configure:13930: $? = 0
configure:14411: checking for g++ option to produce PIC
configure:14418: result: -fPIC -DPIC
configure:14426: checking if g++ PIC flag -fPIC -DPIC works
configure:14444: g++ -c -g -O2  -fPIC -DPIC -DPIC conftest.cpp >&5
configure:14448: $? = 0
configure:14461: result: yes
configure:14484: checking if g++ static flag -static works
configure:14512: result: yes
configure:14524: checking if g++ supports -c -o file.o
configure:14545: g++ -c -g -O2  -o out/conftest2.o conftest.cpp >&5
configure:14549: $? = 0
configure:14571: result: yes
configure:14576: checking if g++ supports -c -o file.o
configure:14623: result: yes
configure:14653: checking whether the g++ linker (/usr/bin/ld -m elf_x86_64) supports shared libraries
configure:14696: result: yes
configure:14837: checking dynamic linker characteristics
configure:15594: result: GNU/Linux ld.so
configure:15659: checking how to hardcode library paths into programs
configure:15684: result: immediate
configure:15730: checking for gawk
configure:15757: result: gawk
configure:15816: checking for gcc
configure:15843: result: gcc
configure:16072: checking for C compiler version
configure:16081: gcc --version >&5
gcc (Ubuntu 5.4.0-6ubuntu1~16.04.5) 5.4.0 20160609
Copyright (C) 2015 Free Software Foundation, Inc.
This is free software; see the source for copying conditions.  There is NO
warranty; not even for MERCHANTABILITY or FITNESS FOR A PARTICULAR PURPOSE.

configure:16092: $? = 0
configure:16081: gcc -v >&5
Using built-in specs.
COLLECT_GCC=gcc
COLLECT_LTO_WRAPPER=/usr/lib/gcc/x86_64-linux-gnu/5/lto-wrapper
Target: x86_64-linux-gnu
Configured with: ../src/configure -v --with-pkgversion='Ubuntu 5.4.0-6ubuntu1~16.04.5' --with-bugurl=file:///usr/share/doc/gcc-5/README.Bugs --enable-languages=c,ada,c++,java,go,d,fortran,objc,obj-c++ --prefix=/usr --program-suffix=-5 --enable-shared --enable-linker-build-id --libexecdir=/usr/lib --without-included-gettext --enable-threads=posix --libdir=/usr/lib --enable-nls --with-sysroot=/ --enable-clocale=gnu --enable-libstdcxx-debug --enable-libstdcxx-time=yes --with-default-libstdcxx-abi=new --enable-gnu-unique-object --disable-vtable-verify --enable-libmpx --enable-plugin --with-system-zlib --disable-browser-plugin --enable-java-awt=gtk --enable-gtk-cairo --with-java-home=/usr/lib/jvm/java-1.5.0-gcj-5-amd64/jre --enable-java-home --with-jvm-root-dir=/usr/lib/jvm/java-1.5.0-gcj-5-amd64 --with-jvm-jar-dir=/usr/lib/jvm-exports/java-1.5.0-gcj-5-amd64 --with-arch-directory=amd64 --with-ecj-jar=/usr/share/java/eclipse-ecj.jar --enable-objc-gc --enable-multiarch --disable-werror --with-arch-32=i686 --with-abi=m64 --with-multilib-list=m32,m64,mx32 --enable-multilib --with-tune=generic --enable-checking=release --build=x86_64-linux-gnu --host=x86_64-linux-gnu --target=x86_64-linux-gnu
Thread model: posix
gcc version 5.4.0 20160609 (Ubuntu 5.4.0-6ubuntu1~16.04.5) 
configure:16092: $? = 0
configure:16081: gcc -V >&5
gcc: error: unrecognized command line option '-V'
gcc: fatal error: no input files
compilation terminated.
configure:16092: $? = 1
configure:16081: gcc -qversion >&5
gcc: error: unrecognized command line option '-qversion'
gcc: fatal error: no input files
compilation terminated.
configure:16092: $? = 1
configure:16096: checking whether we are using the GNU C compiler
configure:16124: result: yes
configure:16133: checking whether gcc accepts -g
configure:16194: result: yes
configure:16211: checking for gcc option to accept ISO C89
configure:16287: result: none needed
configure:16312: checking whether gcc understands -c and -o together
configure:16349: result: yes
configure:16368: checking dependency style of gcc
configure:16479: result: gcc3
configure:16499: checking how to run the C preprocessor
configure:16569: result: gcc -E
configure:16589: gcc -E  conftest.c
configure:16589: $? = 0
configure:16603: gcc -E  conftest.c
conftest.c:23:28: fatal error: ac_nonexistent.h: No such file or directory
compilation terminated.
configure:16603: $? = 1
configure: failed program was:
| /* confdefs.h */
| #define PACKAGE_NAME "openstats"
| #define PACKAGE_TARNAME "openstats"
| #define PACKAGE_VERSION "1.0.0.1"
| #define PACKAGE_STRING "openstats 1.0.0.1"
| #define PACKAGE_BUGREPORT "gcarter@openaprs.net"
| #define PACKAGE_URL ""
| #define PACKAGE "openstats"
| #define VERSION "1.0.0.1"
| #define STDC_HEADERS 1
| #define HAVE_SYS_TYPES_H 1
| #define HAVE_SYS_STAT_H 1
| #define HAVE_STDLIB_H 1
| #define HAVE_STRING_H 1
| #define HAVE_MEMORY_H 1
| #define HAVE_STRINGS_H 1
| #define HAVE_INTTYPES_H 1
| #define HAVE_STDINT_H 1
| #define HAVE_UNISTD_H 1
| #define HAVE_DLFCN_H 1
| #define LT_OBJDIR ".libs/"
| /* end confdefs.h.  */
| #include <ac_nonexistent.h>
configure:16743: checking for C++ compiler version
configure:16752: g++ --version >&5
g++ (Ubuntu 5.4.0-6ubuntu1~16.04.5) 5.4.0 20160609
Copyright (C) 2015 Free Software Foundation, Inc.
This is free software; see the source for copying conditions.  There is NO
warranty; not even for MERCHANTABILITY or FITNESS FOR A PARTICULAR PURPOSE.

configure:16763: $? = 0
configure:16752: g++ -v >&5
Using built-in specs.
COLLECT_GCC=g++
COLLECT_LTO_WRAPPER=/usr/lib/gcc/x86_64-linux-gnu/5/lto-wrapper
Target: x86_64-linux-gnu
Configured with: ../src/configure -v --with-pkgversion='Ubuntu 5.4.0-6ubuntu1~16.04.5' --with-bugurl=file:///usr/share/doc/gcc-5/README.Bugs --enable-languages=c,ada,c++,java,go,d,fortran,objc,obj-c++ --prefix=/usr --program-suffix=-5 --enable-shared --enable-linker-build-id --libexecdir=/usr/lib --without-included-gettext --enable-threads=posix --libdir=/usr/lib --enable-nls --with-sysroot=/ --enable-clocale=gnu --enable-libstdcxx-debug --enable-libstdcxx-time=yes --with-default-libstdcxx-abi=new --enable-gnu-unique-object --disable-vtable-verify --enable-libmpx --enable-plugin --with-system-zlib --disable-browser-plugin --enable-java-awt=gtk --enable-gtk-cairo --with-java-home=/usr/lib/jvm/java-1.5.0-gcj-5-amd64/jre --enable-java-home --with-jvm-root-dir=/usr/lib/jvm/java-1.5.0-gcj-5-amd64 --with-jvm-jar-dir=/usr/lib/jvm-exports/java-1.5.0-gcj-5-amd64 --with-arch-directory=amd64 --with-ecj-jar=/usr/share/java/eclipse-ecj.jar --enable-objc-gc --enable-multiarch --disable-werror --with-arch-32=i686 --with-abi=m64 --with-multilib-list=m32,m64,mx32 --enable-multilib --with-tune=generic --enable-checking=release --build=x86_64-linux-gnu --host=x86_64-linux-gnu --target=x86_64-linux-gnu
Thread model: posix
gcc version 5.4.0 20160609 (Ubuntu 5.4.0-6ubuntu1~16.04.5) 
configure:16763: $? = 0
configure:16752: g++ -V >&5
g++: error: unrecognized command line option '-V'
g++: fatal error: no input files
compilation terminated.
configure:16763: $? = 1
configure:16752: g++ -qversion >&5
g++: error: unrecognized command line option '-qversion'
g++: fatal error: no input files
compilation terminated.
configure:16763: $? = 1
configure:16767: checking whether we are using the GNU C++ compiler
configure:16795: result: yes
configure:16804: checking whether g++ accepts -g
configure:16865: result: yes
configure:16890: checking dependency style of g++
configure:17001: result: gcc3
configure:17017: checking whether ln -s works
configure:17021: result: yes
configure:17049: checking for pthread_create in -lpthread
configure:17074: g++ -o conftest -Wall -pipe -g -I/home/ubuntu/prod/aprsfeed/current/libraries/openstats/include -I/home/ubuntu/prod/aprsfeed/current/libraries/openstats/libraries/openframe/include  -I/usr/include  conftest.cpp -lpthread   >&5
configure:17074: $? = 0
configure:17083: result: yes
configure:17220: checking that generated files are newer than configure
configure:17226: result: done
configure:17261: creating ./config.status

## ---------------- ##
## Cache variables. ##
## ---------------- ##

ac_cv_build=x86_64-unknown-linux-gnu
ac_cv_c_compiler_gnu=yes
ac_cv_cxx_compiler_gnu=yes
ac_cv_env_CCC_set=
ac_cv_env_CCC_value=
ac_cv_env_CC_set=
ac_cv_env_CC_value=
ac_cv_env_CFLAGS_set=
ac_cv_env_CFLAGS_value=
ac_cv_env_CPPFLAGS_set=
ac_cv_env_CPPFLAGS_value=
ac_cv_env_CPP_set=
ac_cv_env_CPP_value=
ac_cv_env_CXXCPP_set=
ac_cv_env_CXXCPP_value=
ac_cv_env_CXXFLAGS_set=
ac_cv_env_CXXFLAGS_value=
ac_cv_env_CXX_set=
ac_cv_env_CXX_value=
ac_cv_env_LDFLAGS_set=
ac_cv_env_LDFLAGS_value=
ac_cv_env_LIBS_set=
ac_cv_env_LIBS_value=
ac_cv_env_LT_SYS_LIBRARY_PATH_set=
ac_cv_env_LT_SYS_LIBRARY_PATH_value=
ac_cv_env_build_alias_set=
ac_cv_env_build_alias_value=
ac_cv_env_host_alias_set=
ac_cv_env_host_alias_value=
ac_cv_env_target_alias_set=
ac_cv_env_target_alias_value=
ac_cv_header_dlfcn_h=yes
ac_cv_header_inttypes_h=yes
ac_cv_header_memory_h=yes
ac_cv_header_stdc=yes
ac_cv_header_stdint_h=yes
ac_cv_header_stdlib_h=yes
ac_cv_header_string_h=yes
ac_cv_header_strings_h=yes
ac_cv_header_sys_stat_h=yes
ac_cv_header_sys_types_h=yes
ac_cv_header_unistd_h=yes
ac_cv_host=x86_64-unknown-linux-gnu
ac_cv_lib_pthread_pthread_create=yes
ac_cv_objext=o
ac_cv_path_EGREP='/bin/grep -E'
ac_cv_path_FGREP='/bin/grep -F'
ac_cv_path_GREP=/bin/grep
ac_cv_path_SED=/bin/sed
ac_cv_path_install='/usr/bin/install -c'
ac_cv_path_lt_DD=/bin/dd
ac_cv_path_mkdir=/bin/mkdir
ac_cv_prog_AWK=gawk
ac_cv_prog_CPP='gcc -E'
ac_cv_prog_CXXCPP='g++ -E'
ac_cv_prog_ac_ct_AR=ar
ac_cv_prog_ac_ct_CC=gcc
ac_cv_prog_ac_ct_CXX=g++
ac_cv_prog_ac_ct_MANIFEST_TOOL=mt
ac_cv_prog_ac_ct_OBJDUMP=objdump
ac_cv_prog_ac_ct_RANLIB=ranlib
ac_cv_prog_ac_ct_STRIP=strip
ac_cv_prog_cc_c89=
ac_cv_prog_cc_g=yes
ac_cv_prog_cxx_g=yes
ac_cv_prog_make_make_set=yes
am_cv_CC_dependencies_compiler_type=gcc3
am_cv_CXX_dependencies_compiler_type=gcc3
am_cv_make_support_nested_variables=yes
am_cv_prog_cc_c_o=yes
lt_cv_ar_at_file=@
lt_cv_archive_cmds_need_lc=no
lt_cv_deplibs_check_method=pass_all
lt_cv_file_magic_cmd='$MAGIC_CMD'
lt_cv_file_magic_test_file=
lt_cv_ld_reload_flag=-r
lt_cv_nm_interface='BSD nm'
lt_cv_objdir=.libs
lt_cv_path_LD=/usr/bin/ld
lt_cv_path_LDCXX='/usr/bin/ld -m elf_x86_64'
lt_cv_path_NM='/usr/bin/nm -B'
lt_cv_path_mainfest_tool=no
lt_cv_prog_compiler_c_o=yes
lt_cv_prog_compiler_c_o_CXX=yes
lt_cv_prog_compiler_pic='-fPIC -DPIC'
lt_cv_prog_compiler_pic_CXX='-fPIC -DPIC'
lt_cv_prog_compiler_pic_works=yes
lt_cv_prog_compiler_pic_works_CXX=yes
lt_cv_prog_compiler_rtti_exceptions=no
lt_cv_prog_compiler_static_works=yes
lt_cv_prog_compiler_static_works_CXX=yes
lt_cv_prog_gnu_ld=yes
lt_cv_prog_gnu_ldcxx=yes
lt_cv_sharedlib_from_linklib_cmd='printf %s\n'
lt_cv_shlibpath_overrides_runpath=no
lt_cv_sys_global_symbol_pipe='sed -n -e '\''s/^.*[	 ]\([ABCDGIRSTW][ABCDGIRSTW]*\)[	 ][	 ]*\([_A-Za-z][_A-Za-z0-9]*\)$/\1 \2 \2/p'\'' | sed '\''/ __gnu_lto/d'\'''
lt_cv_sys_global_symbol_to_c_name_address='sed -n -e '\''s/^: \(.*\) .*$/  {"\1", (void *) 0},/p'\'' -e '\''s/^[ABCDGIRSTW][ABCDGIRSTW]* .* \(.*\)$/  {"\1", (void *) \&\1},/p'\'''
lt_cv_sys_global_symbol_to_c_name_address_lib_prefix='sed -n -e '\''s/^: \(.*\) .*$/  {"\1", (void *) 0},/p'\'' -e '\''s/^[ABCDGIRSTW][ABCDGIRSTW]* .* \(lib.*\)$/  {"\1", (void *) \&\1},/p'\'' -e '\''s/^[ABCDGIRSTW][ABCDGIRSTW]* .* \(.*\)$/  {"lib\1", (void *) \&\1},/p'\'''
lt_cv_sys_global_symbol_to_cdecl='sed -n -e '\''s/^T .* \(.*\)$/extern int \1();/p'\'' -e '\''s/^[ABCDGIRSTW][ABCDGIRSTW]* .* \(.*\)$/extern char \1;/p'\'''
lt_cv_sys_global_symbol_to_import=
lt_cv_sys_max_cmd_len=1572864
lt_cv_to_host_file_cmd=func_convert_file_noop
lt_cv_to_tool_file_cmd=func_convert_file_noop
lt_cv_truncate_bin='/bin/dd bs=4096 count=1'

## ----------------- ##
## Output variables. ##
## ----------------- ##

ACLOCAL='aclocal-1.15'
AMDEPBACKSLASH='\'
AMDEP_FALSE='#'
AMDEP_TRUE=''
AMTAR='$${TAR-tar}'
AM_BACKSLASH='\'
AM_DEFAULT_V='$(AM_DEFAULT_VERBOSITY)'
AM_DEFAULT_VERBOSITY='1'
AM_V='$(V)'
AR='ar'
AUTOCONF='autoconf'
AUTOHEADER='autoheader'
AUTOMAKE='automake-1.15'
AWK='gawk'
CC='gcc'
CCDEPMODE='depmode=gcc3'
CFLAGS='-g -O2'
CPP='gcc -E'
CPPFLAGS=' -I/usr/include'
CXX='g++'
CXXCPP='g++ -E'
CXXDEPMODE='depmode=gcc3'
CXXFLAGS='-Wall -pipe -g -I/home/ubuntu/prod/aprsfeed/current/libraries/openstats/include -I/home/ubuntu/prod/aprsfeed/current/libraries/openstats/libraries/openframe/include'
CYGPATH_W='echo'
DEFS='-DHAVE_CONFIG_H'
DEPDIR='.deps'
DLLTOOL='false'
DSYMUTIL=''
DUMPBIN=''
ECHO_C=''
ECHO_N='-n'
ECHO_T=''
EGREP='/bin/grep -E'
EXEEXT=''
FGREP='/bin/grep -F'
GREP='/bin/grep'
INSTALL_DATA='${INSTALL} -m 644'
INSTALL_PROGRAM='${INSTALL}'
INSTALL_SCRIPT='${INSTALL}'
INSTALL_STRIP_PROGRAM='$(install_sh) -c -s'
LD='/usr/bin/ld -m elf_x86_64'
LDFLAGS=''
LIBOBJS=''
LIBS='-lpthread  -L/home/ubuntu/prod/aprsfeed/current/libraries/openstats/lib  -L/home/ubuntu/prod/aprsfeed/current/libraries/openstats/libraries/openframe/lib -lopenframe'
LIBTOOL='$(SHELL) $(top_builddir)/libtool'
LIBTOOL_DEPS='./ltmain.sh'
LIPO=''
LN_S='ln -s'
LTLIBOBJS=''
LT_SYS_LIBRARY_PATH=''
MAKEINFO='makeinfo'
MANIFEST_TOOL=':'
MKDIR_P='/bin/mkdir -p'
NM='/usr/bin/nm -B'
NMEDIT=''
OBJDUMP='objdump'
OBJEXT='o'
OTOOL64=''
OTOOL=''
PACKAGE='openstats'
PACKAGE_BUGREPORT='gcarter@openaprs.net'
PACKAGE_NAME='openstats'
PACKAGE_STRING='openstats 1.0.0.1'
PACKAGE_TARNAME='openstats'
PACKAGE_URL=''
PACKAGE_VERSION='1.0.0.1'
PATH_SEPARATOR=':'
RANLIB='ranlib'
SED='/bin/sed'
SET_MAKE=''
SHELL='/bin/bash'
STRIP='strip'
VERSION='1.0.0.1'
ac_ct_AR='ar'
ac_ct_CC='gcc'
ac_ct_CXX='g++'
ac_ct_DUMPBIN=''
am__EXEEXT_FALSE=''
am__EXEEXT_TRUE='#'
am__fastdepCC_FALSE='#'
am__fastdepCC_TRUE=''
am__fastdepCXX_FALSE='#'
am__fastdepCXX_TRUE=''
am__include='include'
am__isrc=''
am__leading_dot='.'
am__nodep='_no'
am__quote=''
am__tar='$${TAR-tar} chof - "$$tardir"'
am__untar='$${TAR-tar} xf -'
bindir='/home/ubuntu/prod/aprsfeed/current/libraries/openstats'
build='x86_64-unknown-linux-gnu'
build_alias=''
build_cpu='x86_64'
build_os='linux-gnu'
build_vendor='unknown'
datadir='${datarootdir}'
datarootdir='${prefix}/share'
docdir='${datarootdir}/doc/${PACKAGE_TARNAME}'
dvidir='${docdir}'
exec_prefix='${prefix}'
host='x86_64-unknown-linux-gnu'
host_alias=''
host_cpu='x86_64'
host_os='linux-gnu'
host_vendor='unknown'
htmldir='${docdir}'
includedir='/home/ubuntu/prod/aprsfeed/current/libraries/openstats/include'
infodir='${datarootdir}/info'
install_sh='${SHELL} /home/ubuntu/prod/aprsfeed/current/libraries/openstats/install-sh'
libdir='/home/ubuntu/prod/aprsfeed/current/libraries/openstats/lib'
libexecdir='${exec_prefix}/libexec'
localedir='${datarootdir}/locale'
localstatedir='${prefix}/var'
mandir='${datarootdir}/man'
mkdir_p='$(MKDIR_P)'
oldincludedir='/usr/include'
pdfdir='${docdir}'
prefix='/home/ubuntu/prod/aprsfeed/current/libraries/openstats'
program_transform_name='s,x,x,'
psdir='${docdir}'
runstatedir='${localstatedir}/run'
sbindir='${exec_prefix}/sbin'
sharedstatedir='${prefix}/com'
sysconfdir='${prefix}/etc'
target_alias=''

## ----------- ##
## confdefs.h. ##
## ----------- ##

/* confdefs.h */
#define PACKAGE_NAME "openstats"
#define PACKAGE_TARNAME "openstats"
#define PACKAGE_VERSION "1.0.0.1"
#define PACKAGE_STRING "openstats 1.0.0.1"
#define PACKAGE_BUGREPORT "gcarter@openaprs.net"
#define PACKAGE_URL ""
#define PACKAGE "openstats"
#define VERSION "1.0.0.1"
#define STDC_HEADERS 1
#define HAVE_SYS_TYPES_H 1
#define HAVE_SYS_STAT_H 1
#define HAVE_STDLIB_H 1
#define HAVE_STRING_H 1
#define HAVE_MEMORY_H 1
#define HAVE_STRINGS_H 1
#define HAVE_INTTYPES_H 1
#define HAVE_STDINT_H 1
#define HAVE_UNISTD_H 1
#define HAVE_DLFCN_H 1
#define LT_OBJDIR ".libs/"
#define HAVE_LIBPTHREAD 1

configure: exit 0

## ---------------------- ##
## Running config.status. ##
## ---------------------- ##

This file was extended by openstats config.status 1.0.0.1, which was
generated by GNU Autoconf 2.69.  Invocation command line was

  CONFIG_FILES    = 
  CONFIG_HEADERS  = 
  CONFIG_LINKS    = 
  CONFIG_COMMANDS = 
  $ ./config.status 

on ip-172-31-15-157

config.status:1152: creating Makefile
config.status:1152: creating src/Makefile
config.status:1152: creating include/openstats/config.h
config.status:1333: include/openstats/config.h is unchanged
config.status:1381: executing depfiles commands
config.status:1381: executing libtool commands
