This file contains any messages produced by compilers while
running configure, to aid debugging if configure makes a mistake.

It was created by openframe configure 1.0.0.1, which was
generated by GNU Autoconf 2.69.  Invocation command line was

  $ ./configure --no-create --no-recursion

## --------- ##
## Platform. ##
## --------- ##

hostname = ip-172-31-15-157
uname -m = x86_64
uname -r = 4.4.0-1035-aws
uname -s = Linux
uname -v = #44-Ubuntu SMP Tue Sep 12 17:27:47 UTC 2017

/usr/bin/uname -p = unknown
/bin/uname -X     = unknown

/bin/arch              = unknown
/usr/bin/arch -k       = unknown
/usr/convex/getsysinfo = unknown
/usr/bin/hostinfo      = unknown
/bin/machine           = unknown
/usr/bin/oslevel       = unknown
/bin/universe          = unknown

PATH: /home/ubuntu/bin
PATH: /home/ubuntu/.local/bin
PATH: /usr/local/sbin
PATH: /usr/local/bin
PATH: /usr/sbin
PATH: /usr/bin
PATH: /sbin
PATH: /bin
PATH: /usr/games
PATH: /usr/local/games
PATH: /snap/bin


## ----------- ##
## Core tests. ##
## ----------- ##

configure:2438: checking for a BSD-compatible install
configure:2506: result: /usr/bin/install -c
configure:2517: checking whether build environment is sane
configure:2572: result: yes
configure:2610: WARNING: 'missing' script is too old or missing
configure:2723: checking for a thread-safe mkdir -p
configure:2762: result: /bin/mkdir -p
configure:2769: checking for gawk
configure:2785: found /usr/bin/gawk
configure:2796: result: gawk
configure:2807: checking whether make sets $(MAKE)
configure:2829: result: yes
configure:2858: checking whether make supports nested variables
configure:2875: result: yes
configure:3031: checking build system type
configure:3045: result: x86_64-unknown-linux-gnu
configure:3065: checking host system type
configure:3078: result: x86_64-unknown-linux-gnu
configure:3119: checking how to print strings
configure:3146: result: printf
configure:3179: checking for style of include used by make
configure:3207: result: GNU
configure:3278: checking for gcc
configure:3294: found /usr/bin/gcc
configure:3305: result: gcc
configure:3534: checking for C compiler version
configure:3543: gcc --version >&5
gcc (Ubuntu 5.4.0-6ubuntu1~16.04.5) 5.4.0 20160609
Copyright (C) 2015 Free Software Foundation, Inc.
This is free software; see the source for copying conditions.  There is NO
warranty; not even for MERCHANTABILITY or FITNESS FOR A PARTICULAR PURPOSE.

configure:3554: $? = 0
configure:3543: gcc -v >&5
Using built-in specs.
COLLECT_GCC=gcc
COLLECT_LTO_WRAPPER=/usr/lib/gcc/x86_64-linux-gnu/5/lto-wrapper
Target: x86_64-linux-gnu
Configured with: ../src/configure -v --with-pkgversion='Ubuntu 5.4.0-6ubuntu1~16.04.5' --with-bugurl=file:///usr/share/doc/gcc-5/README.Bugs --enable-languages=c,ada,c++,java,go,d,fortran,objc,obj-c++ --prefix=/usr --program-suffix=-5 --enable-shared --enable-linker-build-id --libexecdir=/usr/lib --without-included-gettext --enable-threads=posix --libdir=/usr/lib --enable-nls --with-sysroot=/ --enable-clocale=gnu --enable-libstdcxx-debug --enable-libstdcxx-time=yes --with-default-libstdcxx-abi=new --enable-gnu-unique-object --disable-vtable-verify --enable-libmpx --enable-plugin --with-system-zlib --disable-browser-plugin --enable-java-awt=gtk --enable-gtk-cairo --with-java-home=/usr/lib/jvm/java-1.5.0-gcj-5-amd64/jre --enable-java-home --with-jvm-root-dir=/usr/lib/jvm/java-1.5.0-gcj-5-amd64 --with-jvm-jar-dir=/usr/lib/jvm-exports/java-1.5.0-gcj-5-amd64 --with-arch-directory=amd64 --with-ecj-jar=/usr/share/java/eclipse-ecj.jar --enable-objc-gc --enable-multiarch --disable-werror --with-arch-32=i686 --with-abi=m64 --with-multilib-list=m32,m64,mx32 --enable-multilib --with-tune=generic --enable-checking=release --build=x86_64-linux-gnu --host=x86_64-linux-gnu --target=x86_64-linux-gnu
Thread model: posix
gcc version 5.4.0 20160609 (Ubuntu 5.4.0-6ubuntu1~16.04.5) 
configure:3554: $? = 0
configure:3543: gcc -V >&5
gcc: error: unrecognized command line option '-V'
gcc: fatal error: no input files
compilation terminated.
configure:3554: $? = 1
configure:3543: gcc -qversion >&5
gcc: error: unrecognized command line option '-qversion'
gcc: fatal error: no input files
compilation terminated.
configure:3554: $? = 1
configure:3574: checking whether the C compiler works
configure:3596: gcc    conftest.c  >&5
configure:3600: $? = 0
configure:3648: result: yes
configure:3651: checking for C compiler default output file name
configure:3653: result: a.out
configure:3659: checking for suffix of executables
configure:3666: gcc -o conftest    conftest.c  >&5
configure:3670: $? = 0
configure:3692: result: 
configure:3714: checking whether we are cross compiling
configure:3722: gcc -o conftest    conftest.c  >&5
configure:3726: $? = 0
configure:3733: ./conftest
configure:3737: $? = 0
configure:3752: result: no
configure:3757: checking for suffix of object files
configure:3779: gcc -c   conftest.c >&5
configure:3783: $? = 0
configure:3804: result: o
configure:3808: checking whether we are using the GNU C compiler
configure:3827: gcc -c   conftest.c >&5
configure:3827: $? = 0
configure:3836: result: yes
configure:3845: checking whether gcc accepts -g
configure:3865: gcc -c -g  conftest.c >&5
configure:3865: $? = 0
configure:3906: result: yes
configure:3923: checking for gcc option to accept ISO C89
configure:3986: gcc  -c -g -O2  conftest.c >&5
configure:3986: $? = 0
configure:3999: result: none needed
configure:4024: checking whether gcc understands -c and -o together
configure:4046: gcc -c conftest.c -o conftest2.o
configure:4049: $? = 0
configure:4046: gcc -c conftest.c -o conftest2.o
configure:4049: $? = 0
configure:4061: result: yes
configure:4080: checking dependency style of gcc
configure:4191: result: gcc3
configure:4206: checking for a sed that does not truncate output
configure:4270: result: /bin/sed
configure:4288: checking for grep that handles long lines and -e
configure:4346: result: /bin/grep
configure:4351: checking for egrep
configure:4413: result: /bin/grep -E
configure:4418: checking for fgrep
configure:4480: result: /bin/grep -F
configure:4515: checking for ld used by gcc
configure:4582: result: /usr/bin/ld
configure:4589: checking if the linker (/usr/bin/ld) is GNU ld
configure:4604: result: yes
configure:4616: checking for BSD- or MS-compatible name lister (nm)
configure:4670: result: /usr/bin/nm -B
configure:4800: checking the name lister (/usr/bin/nm -B) interface
configure:4807: gcc -c -g -O2  conftest.c >&5
configure:4810: /usr/bin/nm -B "conftest.o"
configure:4813: output
0000000000000000 B some_variable
configure:4820: result: BSD nm
configure:4823: checking whether ln -s works
configure:4827: result: yes
configure:4835: checking the maximum length of command line arguments
configure:4966: result: 1572864
configure:5014: checking how to convert x86_64-unknown-linux-gnu file names to x86_64-unknown-linux-gnu format
configure:5054: result: func_convert_file_noop
configure:5061: checking how to convert x86_64-unknown-linux-gnu file names to toolchain format
configure:5081: result: func_convert_file_noop
configure:5088: checking for /usr/bin/ld option to reload object files
configure:5095: result: -r
configure:5169: checking for objdump
configure:5185: found /usr/bin/objdump
configure:5196: result: objdump
configure:5228: checking how to recognize dependent libraries
configure:5428: result: pass_all
configure:5513: checking for dlltool
configure:5543: result: no
configure:5573: checking how to associate runtime and link libraries
configure:5600: result: printf %s\n
configure:5661: checking for ar
configure:5677: found /usr/bin/ar
configure:5688: result: ar
configure:5725: checking for archiver @FILE support
configure:5742: gcc -c -g -O2  conftest.c >&5
configure:5742: $? = 0
configure:5745: ar cru libconftest.a @conftest.lst >&5
ar: `u' modifier ignored since `D' is the default (see `U')
configure:5748: $? = 0
configure:5753: ar cru libconftest.a @conftest.lst >&5
ar: `u' modifier ignored since `D' is the default (see `U')
ar: conftest.o: No such file or directory
configure:5756: $? = 1
configure:5768: result: @
configure:5826: checking for strip
configure:5842: found /usr/bin/strip
configure:5853: result: strip
configure:5925: checking for ranlib
configure:5941: found /usr/bin/ranlib
configure:5952: result: ranlib
configure:6054: checking command to parse /usr/bin/nm -B output from gcc object
configure:6207: gcc -c -g -O2  conftest.c >&5
configure:6210: $? = 0
configure:6214: /usr/bin/nm -B conftest.o \| sed -n -e 's/^.*[ ]\([ABCDGIRSTW][ABCDGIRSTW]*\)[ ][ ]*\([_A-Za-z][_A-Za-z0-9]*\)$/\1 \2 \2/p' | sed '/ __gnu_lto/d' \> conftest.nm
configure:6217: $? = 0
configure:6283: gcc -o conftest -g -O2   conftest.c conftstm.o >&5
configure:6286: $? = 0
configure:6324: result: ok
configure:6371: checking for sysroot
configure:6401: result: no
configure:6408: checking for a working dd
configure:6446: result: /bin/dd
configure:6450: checking how to truncate binary pipes
configure:6465: result: /bin/dd bs=4096 count=1
configure:6601: gcc -c -g -O2  conftest.c >&5
configure:6604: $? = 0
configure:6794: checking for mt
configure:6810: found /bin/mt
configure:6821: result: mt
configure:6844: checking if mt is a manifest tool
configure:6850: mt '-?'
configure:6858: result: no
configure:7535: checking how to run the C preprocessor
configure:7566: gcc -E  conftest.c
configure:7566: $? = 0
configure:7580: gcc -E  conftest.c
conftest.c:11:28: fatal error: ac_nonexistent.h: No such file or directory
compilation terminated.
configure:7580: $? = 1
configure: failed program was:
| /* confdefs.h */
| #define PACKAGE_NAME "openframe"
| #define PACKAGE_TARNAME "openframe"
| #define PACKAGE_VERSION "1.0.0.1"
| #define PACKAGE_STRING "openframe 1.0.0.1"
| #define PACKAGE_BUGREPORT "gcarter@openaprs.net"
| #define PACKAGE_URL ""
| #define PACKAGE "openframe"
| #define VERSION "1.0.0.1"
| /* end confdefs.h.  */
| #include <ac_nonexistent.h>
configure:7605: result: gcc -E
configure:7625: gcc -E  conftest.c
configure:7625: $? = 0
configure:7639: gcc -E  conftest.c
conftest.c:11:28: fatal error: ac_nonexistent.h: No such file or directory
compilation terminated.
configure:7639: $? = 1
configure: failed program was:
| /* confdefs.h */
| #define PACKAGE_NAME "openframe"
| #define PACKAGE_TARNAME "openframe"
| #define PACKAGE_VERSION "1.0.0.1"
| #define PACKAGE_STRING "openframe 1.0.0.1"
| #define PACKAGE_BUGREPORT "gcarter@openaprs.net"
| #define PACKAGE_URL ""
| #define PACKAGE "openframe"
| #define VERSION "1.0.0.1"
| /* end confdefs.h.  */
| #include <ac_nonexistent.h>
configure:7668: checking for ANSI C header files
configure:7688: gcc -c -g -O2  conftest.c >&5
configure:7688: $? = 0
configure:7761: gcc -o conftest -g -O2   conftest.c  >&5
configure:7761: $? = 0
configure:7761: ./conftest
configure:7761: $? = 0
configure:7772: result: yes
configure:7785: checking for sys/types.h
configure:7785: gcc -c -g -O2  conftest.c >&5
configure:7785: $? = 0
configure:7785: result: yes
configure:7785: checking for sys/stat.h
configure:7785: gcc -c -g -O2  conftest.c >&5
configure:7785: $? = 0
configure:7785: result: yes
configure:7785: checking for stdlib.h
configure:7785: gcc -c -g -O2  conftest.c >&5
configure:7785: $? = 0
configure:7785: result: yes
configure:7785: checking for string.h
configure:7785: gcc -c -g -O2  conftest.c >&5
configure:7785: $? = 0
configure:7785: result: yes
configure:7785: checking for memory.h
configure:7785: gcc -c -g -O2  conftest.c >&5
configure:7785: $? = 0
configure:7785: result: yes
configure:7785: checking for strings.h
configure:7785: gcc -c -g -O2  conftest.c >&5
configure:7785: $? = 0
configure:7785: result: yes
configure:7785: checking for inttypes.h
configure:7785: gcc -c -g -O2  conftest.c >&5
configure:7785: $? = 0
configure:7785: result: yes
configure:7785: checking for stdint.h
configure:7785: gcc -c -g -O2  conftest.c >&5
configure:7785: $? = 0
configure:7785: result: yes
configure:7785: checking for unistd.h
configure:7785: gcc -c -g -O2  conftest.c >&5
configure:7785: $? = 0
configure:7785: result: yes
configure:7799: checking for dlfcn.h
configure:7799: gcc -c -g -O2  conftest.c >&5
configure:7799: $? = 0
configure:7799: result: yes
configure:8055: checking for objdir
configure:8070: result: .libs
configure:8334: checking if gcc supports -fno-rtti -fno-exceptions
configure:8352: gcc -c -g -O2  -fno-rtti -fno-exceptions conftest.c >&5
cc1: warning: command line option '-fno-rtti' is valid for C++/ObjC++ but not for C
configure:8356: $? = 0
configure:8369: result: no
configure:8727: checking for gcc option to produce PIC
configure:8734: result: -fPIC -DPIC
configure:8742: checking if gcc PIC flag -fPIC -DPIC works
configure:8760: gcc -c -g -O2  -fPIC -DPIC -DPIC conftest.c >&5
configure:8764: $? = 0
configure:8777: result: yes
configure:8806: checking if gcc static flag -static works
configure:8834: result: yes
configure:8849: checking if gcc supports -c -o file.o
configure:8870: gcc -c -g -O2  -o out/conftest2.o conftest.c >&5
configure:8874: $? = 0
configure:8896: result: yes
configure:8904: checking if gcc supports -c -o file.o
configure:8951: result: yes
configure:8984: checking whether the gcc linker (/usr/bin/ld -m elf_x86_64) supports shared libraries
configure:10247: result: yes
configure:10284: checking whether -lc should be explicitly linked in
configure:10292: gcc -c -g -O2  conftest.c >&5
configure:10295: $? = 0
configure:10310: gcc -shared  -fPIC -DPIC conftest.o  -v -Wl,-soname -Wl,conftest -o conftest 2\>\&1 \| /bin/grep  -lc  \>/dev/null 2\>\&1
configure:10313: $? = 0
configure:10327: result: no
configure:10487: checking dynamic linker characteristics
configure:11068: gcc -o conftest -g -O2   -Wl,-rpath -Wl,/foo conftest.c  >&5
configure:11068: $? = 0
configure:11317: result: GNU/Linux ld.so
configure:11439: checking how to hardcode library paths into programs
configure:11464: result: immediate
configure:12012: checking whether stripping libraries is possible
configure:12017: result: yes
configure:12052: checking if libtool supports shared libraries
configure:12054: result: yes
configure:12057: checking whether to build shared libraries
configure:12082: result: yes
configure:12085: checking whether to build static libraries
configure:12089: result: yes
configure:12187: checking for g++
configure:12203: found /usr/bin/g++
configure:12214: result: g++
configure:12241: checking for C++ compiler version
configure:12250: g++ --version >&5
g++ (Ubuntu 5.4.0-6ubuntu1~16.04.5) 5.4.0 20160609
Copyright (C) 2015 Free Software Foundation, Inc.
This is free software; see the source for copying conditions.  There is NO
warranty; not even for MERCHANTABILITY or FITNESS FOR A PARTICULAR PURPOSE.

configure:12261: $? = 0
configure:12250: g++ -v >&5
Using built-in specs.
COLLECT_GCC=g++
COLLECT_LTO_WRAPPER=/usr/lib/gcc/x86_64-linux-gnu/5/lto-wrapper
Target: x86_64-linux-gnu
Configured with: ../src/configure -v --with-pkgversion='Ubuntu 5.4.0-6ubuntu1~16.04.5' --with-bugurl=file:///usr/share/doc/gcc-5/README.Bugs --enable-languages=c,ada,c++,java,go,d,fortran,objc,obj-c++ --prefix=/usr --program-suffix=-5 --enable-shared --enable-linker-build-id --libexecdir=/usr/lib --without-included-gettext --enable-threads=posix --libdir=/usr/lib --enable-nls --with-sysroot=/ --enable-clocale=gnu --enable-libstdcxx-debug --enable-libstdcxx-time=yes --with-default-libstdcxx-abi=new --enable-gnu-unique-object --disable-vtable-verify --enable-libmpx --enable-plugin --with-system-zlib --disable-browser-plugin --enable-java-awt=gtk --enable-gtk-cairo --with-java-home=/usr/lib/jvm/java-1.5.0-gcj-5-amd64/jre --enable-java-home --with-jvm-root-dir=/usr/lib/jvm/java-1.5.0-gcj-5-amd64 --with-jvm-jar-dir=/usr/lib/jvm-exports/java-1.5.0-gcj-5-amd64 --with-arch-directory=amd64 --with-ecj-jar=/usr/share/java/eclipse-ecj.jar --enable-objc-gc --enable-multiarch --disable-werror --with-arch-32=i686 --with-abi=m64 --with-multilib-list=m32,m64,mx32 --enable-multilib --with-tune=generic --enable-checking=release --build=x86_64-linux-gnu --host=x86_64-linux-gnu --target=x86_64-linux-gnu
Thread model: posix
gcc version 5.4.0 20160609 (Ubuntu 5.4.0-6ubuntu1~16.04.5) 
configure:12261: $? = 0
configure:12250: g++ -V >&5
g++: error: unrecognized command line option '-V'
g++: fatal error: no input files
compilation terminated.
configure:12261: $? = 1
configure:12250: g++ -qversion >&5
g++: error: unrecognized command line option '-qversion'
g++: fatal error: no input files
compilation terminated.
configure:12261: $? = 1
configure:12265: checking whether we are using the GNU C++ compiler
configure:12284: g++ -c   conftest.cpp >&5
configure:12284: $? = 0
configure:12293: result: yes
configure:12302: checking whether g++ accepts -g
configure:12322: g++ -c -g  conftest.cpp >&5
configure:12322: $? = 0
configure:12363: result: yes
configure:12388: checking dependency style of g++
configure:12499: result: gcc3
configure:12532: checking how to run the C++ preprocessor
configure:12559: g++ -E  conftest.cpp
configure:12559: $? = 0
configure:12573: g++ -E  conftest.cpp
conftest.cpp:23:28: fatal error: ac_nonexistent.h: No such file or directory
compilation terminated.
configure:12573: $? = 1
configure: failed program was:
| /* confdefs.h */
| #define PACKAGE_NAME "openframe"
| #define PACKAGE_TARNAME "openframe"
| #define PACKAGE_VERSION "1.0.0.1"
| #define PACKAGE_STRING "openframe 1.0.0.1"
| #define PACKAGE_BUGREPORT "gcarter@openaprs.net"
| #define PACKAGE_URL ""
| #define PACKAGE "openframe"
| #define VERSION "1.0.0.1"
| #define STDC_HEADERS 1
| #define HAVE_SYS_TYPES_H 1
| #define HAVE_SYS_STAT_H 1
| #define HAVE_STDLIB_H 1
| #define HAVE_STRING_H 1
| #define HAVE_MEMORY_H 1
| #define HAVE_STRINGS_H 1
| #define HAVE_INTTYPES_H 1
| #define HAVE_STDINT_H 1
| #define HAVE_UNISTD_H 1
| #define HAVE_DLFCN_H 1
| #define LT_OBJDIR ".libs/"
| /* end confdefs.h.  */
| #include <ac_nonexistent.h>
configure:12598: result: g++ -E
configure:12618: g++ -E  conftest.cpp
configure:12618: $? = 0
configure:12632: g++ -E  conftest.cpp
conftest.cpp:23:28: fatal error: ac_nonexistent.h: No such file or directory
compilation terminated.
configure:12632: $? = 1
configure: failed program was:
| /* confdefs.h */
| #define PACKAGE_NAME "openframe"
| #define PACKAGE_TARNAME "openframe"
| #define PACKAGE_VERSION "1.0.0.1"
| #define PACKAGE_STRING "openframe 1.0.0.1"
| #define PACKAGE_BUGREPORT "gcarter@openaprs.net"
| #define PACKAGE_URL ""
| #define PACKAGE "openframe"
| #define VERSION "1.0.0.1"
| #define STDC_HEADERS 1
| #define HAVE_SYS_TYPES_H 1
| #define HAVE_SYS_STAT_H 1
| #define HAVE_STDLIB_H 1
| #define HAVE_STRING_H 1
| #define HAVE_MEMORY_H 1
| #define HAVE_STRINGS_H 1
| #define HAVE_INTTYPES_H 1
| #define HAVE_STDINT_H 1
| #define HAVE_UNISTD_H 1
| #define HAVE_DLFCN_H 1
| #define LT_OBJDIR ".libs/"
| /* end confdefs.h.  */
| #include <ac_nonexistent.h>
configure:12794: checking for ld used by g++
configure:12861: result: /usr/bin/ld -m elf_x86_64
configure:12868: checking if the linker (/usr/bin/ld -m elf_x86_64) is GNU ld
configure:12883: result: yes
configure:12938: checking whether the g++ linker (/usr/bin/ld -m elf_x86_64) supports shared libraries
configure:14011: result: yes
configure:14047: g++ -c -g -O2  conftest.cpp >&5
configure:14050: $? = 0
configure:14531: checking for g++ option to produce PIC
configure:14538: result: -fPIC -DPIC
configure:14546: checking if g++ PIC flag -fPIC -DPIC works
configure:14564: g++ -c -g -O2  -fPIC -DPIC -DPIC conftest.cpp >&5
configure:14568: $? = 0
configure:14581: result: yes
configure:14604: checking if g++ static flag -static works
configure:14632: result: yes
configure:14644: checking if g++ supports -c -o file.o
configure:14665: g++ -c -g -O2  -o out/conftest2.o conftest.cpp >&5
configure:14669: $? = 0
configure:14691: result: yes
configure:14696: checking if g++ supports -c -o file.o
configure:14743: result: yes
configure:14773: checking whether the g++ linker (/usr/bin/ld -m elf_x86_64) supports shared libraries
configure:14816: result: yes
configure:14957: checking dynamic linker characteristics
configure:15714: result: GNU/Linux ld.so
configure:15779: checking how to hardcode library paths into programs
configure:15804: result: immediate
configure:15850: checking for gawk
configure:15877: result: gawk
configure:15936: checking for gcc
configure:15963: result: gcc
configure:16192: checking for C compiler version
configure:16201: gcc --version >&5
gcc (Ubuntu 5.4.0-6ubuntu1~16.04.5) 5.4.0 20160609
Copyright (C) 2015 Free Software Foundation, Inc.
This is free software; see the source for copying conditions.  There is NO
warranty; not even for MERCHANTABILITY or FITNESS FOR A PARTICULAR PURPOSE.

configure:16212: $? = 0
configure:16201: gcc -v >&5
Using built-in specs.
COLLECT_GCC=gcc
COLLECT_LTO_WRAPPER=/usr/lib/gcc/x86_64-linux-gnu/5/lto-wrapper
Target: x86_64-linux-gnu
Configured with: ../src/configure -v --with-pkgversion='Ubuntu 5.4.0-6ubuntu1~16.04.5' --with-bugurl=file:///usr/share/doc/gcc-5/README.Bugs --enable-languages=c,ada,c++,java,go,d,fortran,objc,obj-c++ --prefix=/usr --program-suffix=-5 --enable-shared --enable-linker-build-id --libexecdir=/usr/lib --without-included-gettext --enable-threads=posix --libdir=/usr/lib --enable-nls --with-sysroot=/ --enable-clocale=gnu --enable-libstdcxx-debug --enable-libstdcxx-time=yes --with-default-libstdcxx-abi=new --enable-gnu-unique-object --disable-vtable-verify --enable-libmpx --enable-plugin --with-system-zlib --disable-browser-plugin --enable-java-awt=gtk --enable-gtk-cairo --with-java-home=/usr/lib/jvm/java-1.5.0-gcj-5-amd64/jre --enable-java-home --with-jvm-root-dir=/usr/lib/jvm/java-1.5.0-gcj-5-amd64 --with-jvm-jar-dir=/usr/lib/jvm-exports/java-1.5.0-gcj-5-amd64 --with-arch-directory=amd64 --with-ecj-jar=/usr/share/java/eclipse-ecj.jar --enable-objc-gc --enable-multiarch --disable-werror --with-arch-32=i686 --with-abi=m64 --with-multilib-list=m32,m64,mx32 --enable-multilib --with-tune=generic --enable-checking=release --build=x86_64-linux-gnu --host=x86_64-linux-gnu --target=x86_64-linux-gnu
Thread model: posix
gcc version 5.4.0 20160609 (Ubuntu 5.4.0-6ubuntu1~16.04.5) 
configure:16212: $? = 0
configure:16201: gcc -V >&5
gcc: error: unrecognized command line option '-V'
gcc: fatal error: no input files
compilation terminated.
configure:16212: $? = 1
configure:16201: gcc -qversion >&5
gcc: error: unrecognized command line option '-qversion'
gcc: fatal error: no input files
compilation terminated.
configure:16212: $? = 1
configure:16216: checking whether we are using the GNU C compiler
configure:16244: result: yes
configure:16253: checking whether gcc accepts -g
configure:16314: result: yes
configure:16331: checking for gcc option to accept ISO C89
configure:16407: result: none needed
configure:16432: checking whether gcc understands -c and -o together
configure:16469: result: yes
configure:16488: checking dependency style of gcc
configure:16599: result: gcc3
configure:16619: checking how to run the C preprocessor
configure:16689: result: gcc -E
configure:16709: gcc -E  conftest.c
configure:16709: $? = 0
configure:16723: gcc -E  conftest.c
conftest.c:23:28: fatal error: ac_nonexistent.h: No such file or directory
compilation terminated.
configure:16723: $? = 1
configure: failed program was:
| /* confdefs.h */
| #define PACKAGE_NAME "openframe"
| #define PACKAGE_TARNAME "openframe"
| #define PACKAGE_VERSION "1.0.0.1"
| #define PACKAGE_STRING "openframe 1.0.0.1"
| #define PACKAGE_BUGREPORT "gcarter@openaprs.net"
| #define PACKAGE_URL ""
| #define PACKAGE "openframe"
| #define VERSION "1.0.0.1"
| #define STDC_HEADERS 1
| #define HAVE_SYS_TYPES_H 1
| #define HAVE_SYS_STAT_H 1
| #define HAVE_STDLIB_H 1
| #define HAVE_STRING_H 1
| #define HAVE_MEMORY_H 1
| #define HAVE_STRINGS_H 1
| #define HAVE_INTTYPES_H 1
| #define HAVE_STDINT_H 1
| #define HAVE_UNISTD_H 1
| #define HAVE_DLFCN_H 1
| #define LT_OBJDIR ".libs/"
| /* end confdefs.h.  */
| #include <ac_nonexistent.h>
configure:16863: checking for C++ compiler version
configure:16872: g++ --version >&5
g++ (Ubuntu 5.4.0-6ubuntu1~16.04.5) 5.4.0 20160609
Copyright (C) 2015 Free Software Foundation, Inc.
This is free software; see the source for copying conditions.  There is NO
warranty; not even for MERCHANTABILITY or FITNESS FOR A PARTICULAR PURPOSE.

configure:16883: $? = 0
configure:16872: g++ -v >&5
Using built-in specs.
COLLECT_GCC=g++
COLLECT_LTO_WRAPPER=/usr/lib/gcc/x86_64-linux-gnu/5/lto-wrapper
Target: x86_64-linux-gnu
Configured with: ../src/configure -v --with-pkgversion='Ubuntu 5.4.0-6ubuntu1~16.04.5' --with-bugurl=file:///usr/share/doc/gcc-5/README.Bugs --enable-languages=c,ada,c++,java,go,d,fortran,objc,obj-c++ --prefix=/usr --program-suffix=-5 --enable-shared --enable-linker-build-id --libexecdir=/usr/lib --without-included-gettext --enable-threads=posix --libdir=/usr/lib --enable-nls --with-sysroot=/ --enable-clocale=gnu --enable-libstdcxx-debug --enable-libstdcxx-time=yes --with-default-libstdcxx-abi=new --enable-gnu-unique-object --disable-vtable-verify --enable-libmpx --enable-plugin --with-system-zlib --disable-browser-plugin --enable-java-awt=gtk --enable-gtk-cairo --with-java-home=/usr/lib/jvm/java-1.5.0-gcj-5-amd64/jre --enable-java-home --with-jvm-root-dir=/usr/lib/jvm/java-1.5.0-gcj-5-amd64 --with-jvm-jar-dir=/usr/lib/jvm-exports/java-1.5.0-gcj-5-amd64 --with-arch-directory=amd64 --with-ecj-jar=/usr/share/java/eclipse-ecj.jar --enable-objc-gc --enable-multiarch --disable-werror --with-arch-32=i686 --with-abi=m64 --with-multilib-list=m32,m64,mx32 --enable-multilib --with-tune=generic --enable-checking=release --build=x86_64-linux-gnu --host=x86_64-linux-gnu --target=x86_64-linux-gnu
Thread model: posix
gcc version 5.4.0 20160609 (Ubuntu 5.4.0-6ubuntu1~16.04.5) 
configure:16883: $? = 0
configure:16872: g++ -V >&5
g++: error: unrecognized command line option '-V'
g++: fatal error: no input files
compilation terminated.
configure:16883: $? = 1
configure:16872: g++ -qversion >&5
g++: error: unrecognized command line option '-qversion'
g++: fatal error: no input files
compilation terminated.
configure:16883: $? = 1
configure:16887: checking whether we are using the GNU C++ compiler
configure:16915: result: yes
configure:16924: checking whether g++ accepts -g
configure:16985: result: yes
configure:17010: checking dependency style of g++
configure:17121: result: gcc3
configure:17137: checking whether ln -s works
configure:17141: result: yes
configure:17169: checking for dlopen in -ldl
configure:17194: g++ -o conftest -Wall -pipe -g -I/home/ubuntu/prod/aprsfeed/current/libraries/openframe/include -I/usr/include/mysql -I/usr/include/mysql++  -I/usr/include -I/usr/include/mysql -I/usr/include/mysql++  conftest.cpp -ldl   >&5
configure:17194: $? = 0
configure:17203: result: yes
configure:17220: checking for pthread_create in -lpthread
configure:17245: g++ -o conftest -Wall -pipe -g -I/home/ubuntu/prod/aprsfeed/current/libraries/openframe/include -I/usr/include/mysql -I/usr/include/mysql++  -I/usr/include -I/usr/include/mysql -I/usr/include/mysql++  conftest.cpp -lpthread  -ldl  >&5
configure:17245: $? = 0
configure:17254: result: yes
configure:17271: checking for clock_gettime in -lrt
configure:17296: g++ -o conftest -Wall -pipe -g -I/home/ubuntu/prod/aprsfeed/current/libraries/openframe/include -I/usr/include/mysql -I/usr/include/mysql++  -I/usr/include -I/usr/include/mysql -I/usr/include/mysql++  conftest.cpp -lrt  -lpthread -ldl  >&5
configure:17296: $? = 0
configure:17305: result: yes
configure:17322: checking for tgetent in -ltermcap
configure:17347: g++ -o conftest -Wall -pipe -g -I/home/ubuntu/prod/aprsfeed/current/libraries/openframe/include -I/usr/include/mysql -I/usr/include/mysql++  -I/usr/include -I/usr/include/mysql -I/usr/include/mysql++  conftest.cpp -ltermcap  -lrt -lpthread -ldl  >&5
configure:17347: $? = 0
configure:17356: result: yes
configure:17373: checking --enable-mysql yes or no
configure:17383: result: yes
configure:17400: checking for main in -lmysqlclient
configure:17419: g++ -o conftest -Wall -pipe -g -I/home/ubuntu/prod/aprsfeed/current/libraries/openframe/include -I/usr/include/mysql -I/usr/include/mysql++  -I/usr/include -I/usr/include/mysql -I/usr/include/mysql++  conftest.cpp -lmysqlclient  -ltermcap -lrt -lpthread -ldl  >&5
configure:17419: $? = 0
configure:17428: result: yes
configure:17445: checking for main in -lmysqlpp
configure:17464: g++ -o conftest -Wall -pipe -g -I/home/ubuntu/prod/aprsfeed/current/libraries/openframe/include -I/usr/include/mysql -I/usr/include/mysql++  -I/usr/include -I/usr/include/mysql -I/usr/include/mysql++  conftest.cpp -lmysqlpp  -lmysqlclient -ltermcap -lrt -lpthread -ldl  >&5
configure:17464: $? = 0
configure:17473: result: yes
configure:17493: checking mysql.h usability
configure:17493: g++ -c -Wall -pipe -g -I/home/ubuntu/prod/aprsfeed/current/libraries/openframe/include -I/usr/include/mysql -I/usr/include/mysql++  -I/usr/include -I/usr/include/mysql -I/usr/include/mysql++ conftest.cpp >&5
configure:17493: $? = 0
configure:17493: result: yes
configure:17493: checking mysql.h presence
configure:17493: g++ -E  -I/usr/include -I/usr/include/mysql -I/usr/include/mysql++ conftest.cpp
configure:17493: $? = 0
configure:17493: result: yes
configure:17493: checking for mysql.h
configure:17493: result: yes
configure:17505: checking mysql++.h usability
configure:17505: g++ -c -Wall -pipe -g -I/home/ubuntu/prod/aprsfeed/current/libraries/openframe/include -I/usr/include/mysql -I/usr/include/mysql++  -I/usr/include -I/usr/include/mysql -I/usr/include/mysql++ conftest.cpp >&5
configure:17505: $? = 0
configure:17505: result: yes
configure:17505: checking mysql++.h presence
configure:17505: g++ -E  -I/usr/include -I/usr/include/mysql -I/usr/include/mysql++ conftest.cpp
configure:17505: $? = 0
configure:17505: result: yes
configure:17505: checking for mysql++.h
configure:17505: result: yes
configure:17519: checking --enable-memcached yes or no
configure:17529: result: yes
configure:17599: checking for pkg-config
configure:17617: found /usr/bin/pkg-config
configure:17629: result: /usr/bin/pkg-config
configure:17654: checking pkg-config is at least version 0.9.0
configure:17657: result: yes
configure:17667: checking for DEPS
configure:17674: $PKG_CONFIG --exists --print-errors "libmemcached >= 0.8.0"
configure:17677: $? = 0
configure:17691: $PKG_CONFIG --exists --print-errors "libmemcached >= 0.8.0"
configure:17694: $? = 0
configure:17752: result: yes
configure:17774: checking for readline.h
configure:17787: result: /usr/include/readline/readline.h
configure:17945: checking that generated files are newer than configure
configure:17951: result: done
configure:17994: creating ./config.status

## ---------------- ##
## Cache variables. ##
## ---------------- ##

ac_cv_build=x86_64-unknown-linux-gnu
ac_cv_c_compiler_gnu=yes
ac_cv_cxx_compiler_gnu=yes
ac_cv_env_CCC_set=
ac_cv_env_CCC_value=
ac_cv_env_CC_set=
ac_cv_env_CC_value=
ac_cv_env_CFLAGS_set=
ac_cv_env_CFLAGS_value=
ac_cv_env_CPPFLAGS_set=
ac_cv_env_CPPFLAGS_value=
ac_cv_env_CPP_set=
ac_cv_env_CPP_value=
ac_cv_env_CXXCPP_set=
ac_cv_env_CXXCPP_value=
ac_cv_env_CXXFLAGS_set=
ac_cv_env_CXXFLAGS_value=
ac_cv_env_CXX_set=
ac_cv_env_CXX_value=
ac_cv_env_DEPS_CFLAGS_set=
ac_cv_env_DEPS_CFLAGS_value=
ac_cv_env_DEPS_LIBS_set=
ac_cv_env_DEPS_LIBS_value=
ac_cv_env_LDFLAGS_set=
ac_cv_env_LDFLAGS_value=
ac_cv_env_LIBS_set=
ac_cv_env_LIBS_value=
ac_cv_env_LT_SYS_LIBRARY_PATH_set=
ac_cv_env_LT_SYS_LIBRARY_PATH_value=
ac_cv_env_PKG_CONFIG_LIBDIR_set=
ac_cv_env_PKG_CONFIG_LIBDIR_value=
ac_cv_env_PKG_CONFIG_PATH_set=
ac_cv_env_PKG_CONFIG_PATH_value=
ac_cv_env_PKG_CONFIG_set=
ac_cv_env_PKG_CONFIG_value=
ac_cv_env_build_alias_set=
ac_cv_env_build_alias_value=
ac_cv_env_host_alias_set=
ac_cv_env_host_alias_value=
ac_cv_env_target_alias_set=
ac_cv_env_target_alias_value=
ac_cv_header_dlfcn_h=yes
ac_cv_header_inttypes_h=yes
ac_cv_header_memory_h=yes
ac_cv_header_mysql_h=yes
ac_cv_header_mysqlpp_h=yes
ac_cv_header_stdc=yes
ac_cv_header_stdint_h=yes
ac_cv_header_stdlib_h=yes
ac_cv_header_string_h=yes
ac_cv_header_strings_h=yes
ac_cv_header_sys_stat_h=yes
ac_cv_header_sys_types_h=yes
ac_cv_header_unistd_h=yes
ac_cv_host=x86_64-unknown-linux-gnu
ac_cv_lib_dl_dlopen=yes
ac_cv_lib_mysqlclient_main=yes
ac_cv_lib_mysqlpp_main=yes
ac_cv_lib_pthread_pthread_create=yes
ac_cv_lib_rt_clock_gettime=yes
ac_cv_lib_termcap_tgetent=yes
ac_cv_objext=o
ac_cv_path_EGREP='/bin/grep -E'
ac_cv_path_FGREP='/bin/grep -F'
ac_cv_path_GREP=/bin/grep
ac_cv_path_SED=/bin/sed
ac_cv_path_ac_pt_PKG_CONFIG=/usr/bin/pkg-config
ac_cv_path_install='/usr/bin/install -c'
ac_cv_path_lt_DD=/bin/dd
ac_cv_path_mkdir=/bin/mkdir
ac_cv_prog_AWK=gawk
ac_cv_prog_CPP='gcc -E'
ac_cv_prog_CXXCPP='g++ -E'
ac_cv_prog_ac_ct_AR=ar
ac_cv_prog_ac_ct_CC=gcc
ac_cv_prog_ac_ct_CXX=g++
ac_cv_prog_ac_ct_MANIFEST_TOOL=mt
ac_cv_prog_ac_ct_OBJDUMP=objdump
ac_cv_prog_ac_ct_RANLIB=ranlib
ac_cv_prog_ac_ct_STRIP=strip
ac_cv_prog_cc_c89=
ac_cv_prog_cc_g=yes
ac_cv_prog_cxx_g=yes
ac_cv_prog_make_make_set=yes
am_cv_CC_dependencies_compiler_type=gcc3
am_cv_CXX_dependencies_compiler_type=gcc3
am_cv_make_support_nested_variables=yes
am_cv_prog_cc_c_o=yes
lt_cv_ar_at_file=@
lt_cv_archive_cmds_need_lc=no
lt_cv_deplibs_check_method=pass_all
lt_cv_file_magic_cmd='$MAGIC_CMD'
lt_cv_file_magic_test_file=
lt_cv_ld_reload_flag=-r
lt_cv_nm_interface='BSD nm'
lt_cv_objdir=.libs
lt_cv_path_LD=/usr/bin/ld
lt_cv_path_LDCXX='/usr/bin/ld -m elf_x86_64'
lt_cv_path_NM='/usr/bin/nm -B'
lt_cv_path_mainfest_tool=no
lt_cv_prog_compiler_c_o=yes
lt_cv_prog_compiler_c_o_CXX=yes
lt_cv_prog_compiler_pic='-fPIC -DPIC'
lt_cv_prog_compiler_pic_CXX='-fPIC -DPIC'
lt_cv_prog_compiler_pic_works=yes
lt_cv_prog_compiler_pic_works_CXX=yes
lt_cv_prog_compiler_rtti_exceptions=no
lt_cv_prog_compiler_static_works=yes
lt_cv_prog_compiler_static_works_CXX=yes
lt_cv_prog_gnu_ld=yes
lt_cv_prog_gnu_ldcxx=yes
lt_cv_sharedlib_from_linklib_cmd='printf %s\n'
lt_cv_shlibpath_overrides_runpath=no
lt_cv_sys_global_symbol_pipe='sed -n -e '\''s/^.*[	 ]\([ABCDGIRSTW][ABCDGIRSTW]*\)[	 ][	 ]*\([_A-Za-z][_A-Za-z0-9]*\)$/\1 \2 \2/p'\'' | sed '\''/ __gnu_lto/d'\'''
lt_cv_sys_global_symbol_to_c_name_address='sed -n -e '\''s/^: \(.*\) .*$/  {"\1", (void *) 0},/p'\'' -e '\''s/^[ABCDGIRSTW][ABCDGIRSTW]* .* \(.*\)$/  {"\1", (void *) \&\1},/p'\'''
lt_cv_sys_global_symbol_to_c_name_address_lib_prefix='sed -n -e '\''s/^: \(.*\) .*$/  {"\1", (void *) 0},/p'\'' -e '\''s/^[ABCDGIRSTW][ABCDGIRSTW]* .* \(lib.*\)$/  {"\1", (void *) \&\1},/p'\'' -e '\''s/^[ABCDGIRSTW][ABCDGIRSTW]* .* \(.*\)$/  {"lib\1", (void *) \&\1},/p'\'''
lt_cv_sys_global_symbol_to_cdecl='sed -n -e '\''s/^T .* \(.*\)$/extern int \1();/p'\'' -e '\''s/^[ABCDGIRSTW][ABCDGIRSTW]* .* \(.*\)$/extern char \1;/p'\'''
lt_cv_sys_global_symbol_to_import=
lt_cv_sys_max_cmd_len=1572864
lt_cv_to_host_file_cmd=func_convert_file_noop
lt_cv_to_tool_file_cmd=func_convert_file_noop
lt_cv_truncate_bin='/bin/dd bs=4096 count=1'
pkg_cv_DEPS_CFLAGS=
pkg_cv_DEPS_LIBS='-lmemcached -lmemcachedutil'

## ----------------- ##
## Output variables. ##
## ----------------- ##

ACLOCAL='aclocal-1.15'
AMDEPBACKSLASH='\'
AMDEP_FALSE='#'
AMDEP_TRUE=''
AMTAR='$${TAR-tar}'
AM_BACKSLASH='\'
AM_DEFAULT_V='$(AM_DEFAULT_VERBOSITY)'
AM_DEFAULT_VERBOSITY='1'
AM_V='$(V)'
AR='ar'
AUTOCONF='autoconf'
AUTOHEADER='autoheader'
AUTOMAKE='automake-1.15'
AWK='gawk'
CC='gcc'
CCDEPMODE='depmode=gcc3'
CFLAGS='-g -O2'
CPP='gcc -E'
CPPFLAGS=' -I/usr/include -I/usr/include/mysql -I/usr/include/mysql++'
CXX='g++'
CXXCPP='g++ -E'
CXXDEPMODE='depmode=gcc3'
CXXFLAGS='-Wall -pipe -g -I/home/ubuntu/prod/aprsfeed/current/libraries/openframe/include -I/usr/include/mysql -I/usr/include/mysql++'
CYGPATH_W='echo'
DEFS='-DHAVE_CONFIG_H'
DEPDIR='.deps'
DEPS_CFLAGS=''
DEPS_LIBS='-lmemcached -lmemcachedutil'
DLLTOOL='false'
DSYMUTIL=''
DUMPBIN=''
ECHO_C=''
ECHO_N='-n'
ECHO_T=''
EGREP='/bin/grep -E'
EXEEXT=''
FGREP='/bin/grep -F'
GREP='/bin/grep'
INSTALL_DATA='${INSTALL} -m 644'
INSTALL_PROGRAM='${INSTALL}'
INSTALL_SCRIPT='${INSTALL}'
INSTALL_STRIP_PROGRAM='$(install_sh) -c -s'
LD='/usr/bin/ld -m elf_x86_64'
LDFLAGS=''
LIBOBJS=''
LIBS='-lmysqlpp -lmysqlclient -ltermcap -lrt -lpthread -ldl  -L/home/ubuntu/prod/aprsfeed/current/libraries/openframe/lib -lmemcached -lmemcachedutil  -lreadline'
LIBTOOL='$(SHELL) $(top_builddir)/libtool'
LIBTOOL_DEPS='./ltmain.sh'
LIPO=''
LN_S='ln -s'
LTLIBOBJS=''
LT_SYS_LIBRARY_PATH=''
MAKEINFO='makeinfo'
MANIFEST_TOOL=':'
MEMCACHED_FALSE='#'
MEMCACHED_TRUE=''
MKDIR_P='/bin/mkdir -p'
MYSQL_FALSE='#'
MYSQL_TRUE=''
NM='/usr/bin/nm -B'
NMEDIT=''
OBJDUMP='objdump'
OBJEXT='o'
OTOOL64=''
OTOOL=''
PACKAGE='openframe'
PACKAGE_BUGREPORT='gcarter@openaprs.net'
PACKAGE_NAME='openframe'
PACKAGE_STRING='openframe 1.0.0.1'
PACKAGE_TARNAME='openframe'
PACKAGE_URL=''
PACKAGE_VERSION='1.0.0.1'
PATH_SEPARATOR=':'
PKG_CONFIG='/usr/bin/pkg-config'
PKG_CONFIG_LIBDIR=''
PKG_CONFIG_PATH=''
RANLIB='ranlib'
READLINE_INCLUDES='-I/usr/include/readline'
READLINE_LIBS=' -lreadline'
SED='/bin/sed'
SET_MAKE=''
SHELL='/bin/bash'
STRIP='strip'
VERSION='1.0.0.1'
ac_ct_AR='ar'
ac_ct_CC='gcc'
ac_ct_CXX='g++'
ac_ct_DUMPBIN=''
am__EXEEXT_FALSE=''
am__EXEEXT_TRUE='#'
am__fastdepCC_FALSE='#'
am__fastdepCC_TRUE=''
am__fastdepCXX_FALSE='#'
am__fastdepCXX_TRUE=''
am__include='include'
am__isrc=''
am__leading_dot='.'
am__nodep='_no'
am__quote=''
am__tar='$${TAR-tar} chof - "$$tardir"'
am__untar='$${TAR-tar} xf -'
bindir='/home/ubuntu/prod/aprsfeed/current/libraries/openframe'
build='x86_64-unknown-linux-gnu'
build_alias=''
build_cpu='x86_64'
build_os='linux-gnu'
build_vendor='unknown'
datadir='${datarootdir}'
datarootdir='${prefix}/share'
docdir='${datarootdir}/doc/${PACKAGE_TARNAME}'
dvidir='${docdir}'
exec_prefix='${prefix}'
host='x86_64-unknown-linux-gnu'
host_alias=''
host_cpu='x86_64'
host_os='linux-gnu'
host_vendor='unknown'
htmldir='${docdir}'
includedir='/home/ubuntu/prod/aprsfeed/current/libraries/openframe/include'
infodir='${datarootdir}/info'
install_sh='${SHELL} /home/ubuntu/prod/aprsfeed/current/libraries/openframe/install-sh'
libdir='/home/ubuntu/prod/aprsfeed/current/libraries/openframe/lib'
libexecdir='${exec_prefix}/libexec'
localedir='${datarootdir}/locale'
localstatedir='${prefix}/var'
mandir='${datarootdir}/man'
mkdir_p='$(MKDIR_P)'
oldincludedir='/usr/include'
pdfdir='${docdir}'
prefix='/home/ubuntu/prod/aprsfeed/current/libraries/openframe'
program_transform_name='s,x,x,'
psdir='${docdir}'
runstatedir='${localstatedir}/run'
sbindir='${exec_prefix}/sbin'
sharedstatedir='${prefix}/com'
sysconfdir='${prefix}/etc'
target_alias=''

## ----------- ##
## confdefs.h. ##
## ----------- ##

/* confdefs.h */
#define PACKAGE_NAME "openframe"
#define PACKAGE_TARNAME "openframe"
#define PACKAGE_VERSION "1.0.0.1"
#define PACKAGE_STRING "openframe 1.0.0.1"
#define PACKAGE_BUGREPORT "gcarter@openaprs.net"
#define PACKAGE_URL ""
#define PACKAGE "openframe"
#define VERSION "1.0.0.1"
#define STDC_HEADERS 1
#define HAVE_SYS_TYPES_H 1
#define HAVE_SYS_STAT_H 1
#define HAVE_STDLIB_H 1
#define HAVE_STRING_H 1
#define HAVE_MEMORY_H 1
#define HAVE_STRINGS_H 1
#define HAVE_INTTYPES_H 1
#define HAVE_STDINT_H 1
#define HAVE_UNISTD_H 1
#define HAVE_DLFCN_H 1
#define LT_OBJDIR ".libs/"
#define HAVE_LIBDL 1
#define HAVE_LIBPTHREAD 1
#define HAVE_LIBRT 1
#define HAVE_LIBTERMCAP 1
#define FEAT_MYSQL 1
#define HAVE_LIBMYSQLCLIENT 1
#define HAVE_LIBMYSQLPP 1
#define FEAT_MEMCACHED 1
#define HAVE_READLINE 1

configure: exit 0

## ---------------------- ##
## Running config.status. ##
## ---------------------- ##

This file was extended by openframe config.status 1.0.0.1, which was
generated by GNU Autoconf 2.69.  Invocation command line was

  CONFIG_FILES    = 
  CONFIG_HEADERS  = 
  CONFIG_LINKS    = 
  CONFIG_COMMANDS = 
  $ ./config.status 

on ip-172-31-15-157

config.status:1176: creating Makefile
config.status:1176: creating src/Makefile
config.status:1176: creating src/App/Makefile
config.status:1176: creating src/Commands/Makefile
config.status:1176: creating src/logging/Makefile
config.status:1176: creating src/Socket/Makefile
config.status:1176: creating src/Thread/Makefile
config.status:1176: creating test/Makefile
config.status:1176: creating include/openframe/config.h
config.status:1357: include/openframe/config.h is unchanged
config.status:1405: executing depfiles commands
config.status:1405: executing libtool commands
